<?xml version="1.0" encoding="UTF-8"?>
<!-- Generated by org.testng.reporters.JUnitReportReporter -->
<testsuite hostname="LAPTOP-363D707P" failures="0" tests="1" name="location.LocationContext" time="2.524" errors="0" timestamp="2025-07-14T00:44:19 IST" skipped="0">
  <testcase classname="location.LocationContext" name="f" time="2.524"/>
</testsuite> <!-- location.LocationContext -->
