<?xml version="1.0" encoding="UTF-8"?>
<!-- Generated by org.testng.reporters.JUnitReportReporter -->
<testsuite hostname="LAPTOP-363D707P" failures="0" tests="1" name="day1.Driver_Methods" time="3.366" errors="0" timestamp="2025-06-23T14:51:19 IST" skipped="0">
  <testcase classname="day1.Driver_Methods" name="Navigate" time="3.366"/>
</testsuite> <!-- day1.Driver_Methods -->
