<?xml version="1.0" encoding="UTF-8"?>
<!-- Generated by org.testng.reporters.JUnitReportReporter -->
<testsuite hostname="LAPTOP-363D707P" failures="0" tests="1" name="day1.FileUploadTests" time="102.029" errors="0" timestamp="2025-06-16T07:40:00 IST" skipped="0">
  <testcase classname="day1.FileUploadTests" name="testFileUpload" time="102.029"/>
</testsuite> <!-- day1.FileUploadTests -->
