<?xml version="1.0" encoding="UTF-8"?>
<!-- Generated by org.testng.reporters.JUnitReportReporter -->
<testsuite hostname="LAPTOP-363D707P" failures="0" tests="1" name="Browser.GetUserMedia" time="3.955" errors="0" timestamp="2025-07-12T19:40:20 IST" skipped="0">
  <testcase classname="Browser.GetUserMedia" name="f" time="3.955"/>
</testsuite> <!-- Browser.GetUserMedia -->
