<?xml version="1.0" encoding="UTF-8"?>
<!-- Generated by org.testng.reporters.JUnitReportReporter -->
<testsuite hostname="LAPTOP-363D707P" failures="0" tests="4" name="Listner.IHookableTest" time="0.032" errors="0" timestamp="2025-07-02T10:41:48 IST" skipped="3">
  <testcase classname="Listner.IHookableTest" name="skipThis" time="0.003">
    <skipped/>
  </testcase> <!-- skipThis -->
  <testcase classname="Listner.IHookableTest" name="notNow" time="0.003">
    <skipped/>
  </testcase> <!-- notNow -->
  <testcase classname="Listner.IHookableTest" name="blockedTest" time="0.004">
    <skipped/>
  </testcase> <!-- blockedTest -->
  <testcase classname="Listner.IHookableTest" name="allowedTest" time="0.022"/>
</testsuite> <!-- Listner.IHookableTest -->
