<?xml version="1.0" encoding="UTF-8"?>
<!-- Generated by org.testng.reporters.JUnitReportReporter -->
<testsuite hostname="LAPTOP-363D707P" failures="0" tests="1" name="pom.test.DemoTest" time="15.018" errors="0" timestamp="2025-07-27T03:04:13 IST" skipped="0">
  <testcase classname="pom.test.DemoTest" name="testSuccessfulLogin" time="15.018"/>
</testsuite> <!-- pom.test.DemoTest -->
