<?xml version="1.0" encoding="UTF-8"?>
<!-- Generated by org.testng.reporters.JUnitReportReporter -->
<testsuite hostname="LAPTOP-363D707P" failures="0" tests="1" name="Browser.Notification" time="3.228" errors="0" timestamp="2025-07-13T00:02:26 IST" skipped="0">
  <testcase classname="Browser.Notification" name="f" time="3.228"/>
</testsuite> <!-- Browser.Notification -->
