<?xml version="1.0" encoding="UTF-8"?>
<!-- Generated by org.testng.reporters.JUnitReportReporter -->
<testsuite hostname="LAPTOP-363D707P" failures="0" tests="1" name="day1.WebElement_Methods" time="3.370" errors="0" timestamp="2025-06-17T09:01:15 IST" skipped="0">
  <testcase classname="day1.WebElement_Methods" name="getMethods" time="3.370"/>
</testsuite> <!-- day1.WebElement_Methods -->
