<?xml version="1.0" encoding="UTF-8"?>
<!-- Generated by org.testng.reporters.JUnitReportReporter -->
<testsuite hostname="LAPTOP-363D707P" failures="0" tests="5" name="pom.pages1.LoginTest" time="68.463" errors="0" timestamp="2025-07-21T14:44:22 IST" skipped="0">
  <testcase classname="pom.pages1.LoginTest" name="testFailedLogin" time="14.724"/>
  <testcase classname="pom.pages1.LoginTest" name="testFailedLogin" time="13.494"/>
  <testcase classname="pom.pages1.LoginTest" name="testFailedLogin" time="13.195"/>
  <testcase classname="pom.pages1.LoginTest" name="testFailedLogin" time="14.452"/>
  <testcase classname="pom.pages1.LoginTest" name="testFailedLogin" time="12.598"/>
</testsuite> <!-- pom.pages1.LoginTest -->
