<?xml version="1.0" encoding="UTF-8"?>
<!-- Generated by org.testng.reporters.JUnitReportReporter -->
<testsuite hostname="LAPTOP-363D707P" failures="0" tests="1" name="browser_specific_manupulation.ConsoleEvent" time="2.783" errors="0" timestamp="2025-07-14T02:03:38 IST" skipped="0">
  <testcase classname="browser_specific_manupulation.ConsoleEvent" name="f" time="2.783"/>
</testsuite> <!-- browser_specific_manupulation.ConsoleEvent -->
