<?xml version="1.0" encoding="UTF-8"?>
<!-- Generated by org.testng.reporters.JUnitReportReporter -->
<testsuite hostname="LAPTOP-363D707P" failures="0" tests="1" name="browser_specific_manupulation.bidi.DOM_Mutation" time="2.247" errors="0" timestamp="2025-07-14T01:58:15 IST" skipped="0">
  <testcase classname="browser_specific_manupulation.bidi.DOM_Mutation" name="f" time="2.247"/>
</testsuite> <!-- browser_specific_manupulation.bidi.DOM_Mutation -->
