<?xml version="1.0" encoding="UTF-8"?>
<!-- Generated by org.testng.reporters.JUnitReportReporter -->
<testsuite hostname="LAPTOP-363D707P" failures="0" tests="1" name="day1.Broken_links" time="7.960" errors="0" timestamp="2025-06-23T13:33:00 IST" skipped="0">
  <testcase classname="day1.Broken_links" name="f" time="7.960"/>
</testsuite> <!-- day1.Broken_links -->
