<?xml version="1.0" encoding="UTF-8"?>
<!-- Generated by org.testng.reporters.JUnitReportReporter -->
<testsuite hostname="LAPTOP-363D707P" failures="0" tests="1" name="Browser.Logging" time="2.463" errors="0" timestamp="2025-07-12T22:48:37 IST" skipped="0">
  <testcase classname="Browser.Logging" name="f" time="2.463"/>
</testsuite> <!-- Browser.Logging -->
