<?xml version="1.0" encoding="UTF-8"?>
<!-- Generated by org.testng.reporters.JUnitReportReporter -->
<testsuite hostname="LAPTOP-363D707P" failures="0" tests="1" name="day1.ShadowDom" time="5.603" errors="0" timestamp="2025-06-23T14:28:57 IST" skipped="0">
  <testcase classname="day1.ShadowDom" name="nested_dom1" time="5.603"/>
</testsuite> <!-- day1.ShadowDom -->
