<?xml version="1.0" encoding="UTF-8"?>
<!-- Generated by org.testng.reporters.JUnitReportReporter -->
<testsuite hostname="LAPTOP-363D707P" failures="0" tests="1" name="reporting.LoginTest" time="4.688" errors="0" timestamp="2025-07-24T13:21:31 IST" skipped="0">
  <testcase classname="reporting.LoginTest" name="testValidLogin" time="4.688"/>
</testsuite> <!-- reporting.LoginTest -->
