<?xml version="1.0" encoding="UTF-8"?>
<!-- Generated by org.testng.reporters.JUnitReportReporter -->
<testsuite hostname="LAPTOP-363D707P" failures="0" tests="3" name="retryAnalyzer.Flacky_Case" time="0.023" errors="0" timestamp="2025-07-02T12:09:55 IST" skipped="2">
  <testcase classname="retryAnalyzer.Flacky_Case" name="flakyTest" time="0.018">
    <skipped/>
  </testcase> <!-- flakyTest -->
  <testcase classname="retryAnalyzer.Flacky_Case" name="flakyTest" time="0.001"/>
  <testcase classname="retryAnalyzer.Flacky_Case" name="flakyTest" time="0.004">
    <skipped/>
  </testcase> <!-- flakyTest -->
</testsuite> <!-- retryAnalyzer.Flacky_Case -->
