<?xml version="1.0" encoding="UTF-8"?>
<!-- Generated by org.testng.reporters.JUnitReportReporter -->
<testsuite hostname="LAPTOP-363D707P" failures="0" tests="1" name="Browser.MobileEmulator" time="2.563" errors="0" timestamp="2025-07-03T15:51:36 IST" skipped="0">
  <testcase classname="Browser.MobileEmulator" name="verifyMobileViewTitle" time="2.563"/>
</testsuite> <!-- Browser.MobileEmulator -->
