<?xml version="1.0" encoding="UTF-8"?>
<!-- Generated by org.testng.reporters.JUnitReportReporter -->
<testsuite hostname="LAPTOP-363D707P" failures="0" tests="1" name="browser_specific_manupulation.webAuth.Printing" time="2.955" errors="0" timestamp="2025-07-14T01:34:36 IST" skipped="0">
  <testcase classname="browser_specific_manupulation.webAuth.Printing" name="f" time="2.955"/>
</testsuite> <!-- browser_specific_manupulation.webAuth.Printing -->
