<?xml version="1.0" encoding="UTF-8"?>
<!-- Generated by org.testng.reporters.JUnitReportReporter -->
<testsuite hostname="LAPTOP-363D707P" failures="0" tests="1" name="pom.pages1.Test2" time="3.179" errors="0" timestamp="2025-07-20T23:18:13 IST" skipped="0">
  <testcase classname="pom.pages1.Test2" name="testSuccessfulLogin" time="3.179"/>
</testsuite> <!-- pom.pages1.Test2 -->
