<?xml version="1.0" encoding="UTF-8"?>
<!-- Generated by org.testng.reporters.JUnitReportReporter -->
<testsuite hostname="LAPTOP-363D707P" failures="0" tests="1" name="Excel.Write_Excel" time="0.022" errors="0" timestamp="2025-06-30T23:49:50 IST" skipped="0">
  <testcase classname="Excel.Write_Excel" name="CSV_Writing" time="0.022"/>
</testsuite> <!-- Excel.Write_Excel -->
