<?xml version="1.0" encoding="UTF-8"?>
<!-- Generated by org.testng.reporters.JUnitReportReporter -->
<testsuite hostname="LAPTOP-363D707P" failures="0" tests="1" name="day1.Action_class" time="6.705" errors="0" timestamp="2025-06-16T11:36:57 IST" skipped="0">
  <testcase classname="day1.Action_class" name="slider" time="6.705"/>
</testsuite> <!-- day1.Action_class -->
