<?xml version="1.0" encoding="UTF-8"?>
<!-- Generated by org.testng.reporters.JUnitReportReporter -->
<testsuite hostname="LAPTOP-363D707P" failures="0" tests="1" name="config_reader.StepTest" time="0.149" errors="0" timestamp="2025-07-23T14:15:26 IST" skipped="0">
  <testcase classname="config_reader.StepTest" name="annotatedStepTest" time="0.149"/>
</testsuite> <!-- config_reader.StepTest -->
