<?xml version="1.0" encoding="UTF-8"?>
<!-- Generated by org.testng.reporters.JUnitReportReporter -->
<testsuite hostname="LAPTOP-363D707P" failures="0" tests="1" name="day1.Tabs_and_windows" time="4.055" errors="0" timestamp="2025-06-17T00:16:00 IST" skipped="0">
  <testcase classname="day1.Tabs_and_windows" name="newTab" time="4.055"/>
</testsuite> <!-- day1.Tabs_and_windows -->
