<?xml version="1.0" encoding="UTF-8"?>
<!-- Generated by org.testng.reporters.JUnitReportReporter -->
<testsuite hostname="LAPTOP-363D707P" failures="0" tests="1" name="devTools.EmulateNetworkCondition" time="5.179" errors="0" timestamp="2025-07-13T19:53:26 IST" skipped="0">
  <testcase classname="devTools.EmulateNetworkCondition" name="f" time="5.179"/>
</testsuite> <!-- devTools.EmulateNetworkCondition -->
