<?xml version="1.0" encoding="UTF-8"?>
<!-- Generated by org.testng.reporters.JUnitReportReporter -->
<testsuite hostname="LAPTOP-363D707P" failures="0" tests="1" name="day1.Cookies" time="5.612" errors="0" timestamp="2025-06-23T17:18:27 IST" skipped="0">
  <testcase classname="day1.Cookies" name="testClickAndHold" time="5.612"/>
</testsuite> <!-- day1.Cookies -->
