<?xml version="1.0" encoding="UTF-8"?>
<!-- Generated by org.testng.reporters.JUnitReportReporter -->
<testsuite hostname="LAPTOP-363D707P" failures="0" tests="1" name="Browser.PageLoadingStrategy" time="2.117" errors="0" timestamp="2025-07-03T15:27:28 IST" skipped="0">
  <testcase classname="Browser.PageLoadingStrategy" name="testPageLoad" time="2.117"/>
</testsuite> <!-- Browser.PageLoadingStrategy -->
