<?xml version="1.0" encoding="UTF-8"?>
<!-- Generated by org.testng.reporters.JUnitReportReporter -->
<testsuite hostname="LAPTOP-363D707P" failures="0" tests="1" name="Browser.Basic_Authenticator" time="3.533" errors="0" timestamp="2025-07-13T01:20:34 IST" skipped="0">
  <testcase classname="Browser.Basic_Authenticator" name="f" time="3.533"/>
</testsuite> <!-- Browser.Basic_Authenticator -->
