<?xml version="1.0" encoding="UTF-8"?>
<!-- Generated by org.testng.reporters.JUnitReportReporter -->
<testsuite hostname="LAPTOP-363D707P" failures="0" tests="2" name="day1.Sign_in_alert" time="41.945" errors="0" timestamp="2025-07-12T12:57:49 IST" skipped="0">
  <testcase classname="day1.Sign_in_alert" name="f" time="27.788"/>
  <testcase classname="day1.Sign_in_alert" name="test1" time="14.157"/>
</testsuite> <!-- day1.Sign_in_alert -->
