<?xml version="1.0" encoding="UTF-8"?>
<!-- Generated by org.testng.reporters.JUnitReportReporter -->
<testsuite hostname="LAPTOP-363D707P" failures="0" tests="1" name="devTools.NetworkMonitoring" time="2.317" errors="0" timestamp="2025-07-13T20:32:53 IST" skipped="0">
  <testcase classname="devTools.NetworkMonitoring" name="f" time="2.317"/>
</testsuite> <!-- devTools.NetworkMonitoring -->
