<?xml version="1.0" encoding="UTF-8"?>
<!-- Generated by org.testng.reporters.JUnitReportReporter -->
<testsuite hostname="LAPTOP-363D707P" failures="0" tests="1" name="day1.Robot_class" time="7.218" errors="0" timestamp="2025-06-25T22:53:57 IST" skipped="0">
  <testcase classname="day1.Robot_class" name="Screenshot" time="7.218"/>
</testsuite> <!-- day1.Robot_class -->
