<?xml version="1.0" encoding="UTF-8"?>
<!-- Generated by org.testng.reporters.JUnitReportReporter -->
<testsuite hostname="LAPTOP-363D707P" failures="0" tests="1" name="day1.JavaScriptExecutor" time="3.212" errors="0" timestamp="2025-06-23T18:08:48 IST" skipped="0">
  <testcase classname="day1.JavaScriptExecutor" name="Asynchronous_AJAX" time="3.212"/>
</testsuite> <!-- day1.JavaScriptExecutor -->
