<?xml version="1.0" encoding="UTF-8"?>
<!-- Generated by org.testng.reporters.JUnitReportReporter -->
<testsuite hostname="LAPTOP-363D707P" failures="0" tests="1" name="devTools.InsecurePages" time="4.447" errors="0" timestamp="2025-07-14T00:26:43 IST" skipped="0">
  <testcase classname="devTools.InsecurePages" name="f" time="4.447"/>
</testsuite> <!-- devTools.InsecurePages -->
