<?xml version="1.0" encoding="UTF-8"?>
<!-- Generated by org.testng.reporters.JUnitReportReporter -->
<testsuite hostname="LAPTOP-363D707P" failures="0" tests="1" name="devTools.CDP_Command" time="4.781" errors="0" timestamp="2025-07-13T14:15:19 IST" skipped="0">
  <testcase classname="devTools.CDP_Command" name="testNetworkMonitoring" time="4.781"/>
</testsuite> <!-- devTools.CDP_Command -->
