<?xml version="1.0" encoding="UTF-8"?>
<!-- Generated by org.testng.reporters.JUnitReportReporter -->
<testsuite hostname="LAPTOP-363D707P" failures="0" tests="1" name="Excel.ExcelUtilTest" time="1.204" errors="0" timestamp="2025-07-01T14:46:25 IST" skipped="0">
  <testcase classname="Excel.ExcelUtilTest" name="test1" time="1.204"/>
</testsuite> <!-- Excel.ExcelUtilTest -->
