<?xml version="1.0" encoding="UTF-8"?>
<!-- Generated by org.testng.reporters.JUnitReportReporter -->
<testsuite hostname="LAPTOP-363D707P" failures="0" tests="1" name="Excel.Demo_Methods" time="0.727" errors="0" timestamp="2025-07-01T16:34:05 IST" skipped="0">
  <testcase classname="Excel.Demo_Methods" name="testMergeAndAlignment" time="0.727"/>
</testsuite> <!-- Excel.Demo_Methods -->
