<?xml version="1.0" encoding="UTF-8"?>
<!-- Generated by org.testng.reporters.JUnitReportReporter -->
<testsuite hostname="LAPTOP-363D707P" failures="0" tests="1" name="Browser.Options" time="8.214" errors="0" timestamp="2025-06-27T14:57:09 IST" skipped="0">
  <testcase classname="Browser.Options" name="addPreference" time="8.214"/>
</testsuite> <!-- Browser.Options -->
