<?xml version="1.0" encoding="UTF-8"?>
<!-- Generated by org.testng.reporters.JUnitReportReporter -->
<testsuite hostname="LAPTOP-363D707P" failures="0" tests="1" name="day1.Frames" time="8.785" errors="0" timestamp="2025-06-21T00:10:12 IST" skipped="0">
  <testcase classname="day1.Frames" name="new_Frame" time="8.785"/>
</testsuite> <!-- day1.Frames -->
