<?xml version="1.0" encoding="UTF-8"?>
<!-- Generated by org.testng.reporters.JUnitReportReporter -->
<testsuite hostname="LAPTOP-363D707P" failures="0" tests="1" name="pom.test.LoginTest" time="3.991" errors="0" timestamp="2025-07-20T13:11:17 IST" skipped="0">
  <testcase classname="pom.test.LoginTest" name="PassedLogin" time="3.991"/>
</testsuite> <!-- pom.test.LoginTest -->
