<?xml version="1.0" encoding="UTF-8"?>
<!-- Generated by org.testng.reporters.JUnitReportReporter -->
<testsuite hostname="LAPTOP-363D707P" failures="0" tests="1" name="webAuth.Authentication" time="16.613" errors="0" timestamp="2025-07-14T01:00:24 IST" skipped="0">
  <testcase classname="webAuth.Authentication" name="f" time="16.613"/>
</testsuite> <!-- webAuth.Authentication -->
