<?xml version="1.0" encoding="UTF-8"?>
<!-- Generated by org.testng.reporters.JUnitReportReporter -->
<testsuite hostname="LAPTOP-363D707P" failures="0" tests="1" name="Browser.Browser_Instantiation" time="2.352" errors="0" timestamp="2025-06-24T15:48:20 IST" skipped="0">
  <testcase classname="Browser.Browser_Instantiation" name="newTest" time="2.352"/>
</testsuite> <!-- Browser.Browser_Instantiation -->
