<?xml version="1.0" encoding="UTF-8"?>
<!-- Generated by org.testng.reporters.JUnitReportReporter -->
<testsuite hostname="LAPTOP-363D707P" failures="0" tests="1" name="Browser.GeoLocation" time="6.336" errors="0" timestamp="2025-07-03T19:47:12 IST" skipped="0">
  <testcase classname="Browser.GeoLocation" name="testGeolocation" time="6.336"/>
</testsuite> <!-- Browser.GeoLocation -->
