<?xml version="1.0" encoding="UTF-8"?>
<!-- Generated by org.testng.reporters.JUnitReportReporter -->
<testsuite hostname="LAPTOP-363D707P" failures="0" tests="1" name="Browser.Network_Interceptor" time="2.911" errors="0" timestamp="2025-07-13T00:24:50 IST" skipped="0">
  <testcase classname="Browser.Network_Interceptor" name="f" time="2.911"/>
</testsuite> <!-- Browser.Network_Interceptor -->
