<?xml version="1.0" encoding="UTF-8"?>
<!-- Generated by org.testng.reporters.JUnitReportReporter -->
<testsuite hostname="LAPTOP-363D707P" failures="0" tests="1" name="novus.config.integration.TestNG" time="14.866" errors="0" timestamp="2025-07-27T23:34:19 IST" skipped="0">
  <testcase classname="novus.config.integration.TestNG" name="testSuccessfulLogin" time="14.866"/>
</testsuite> <!-- novus.config.integration.TestNG -->
