<?xml version="1.0" encoding="UTF-8"?>
<!-- Generated by org.testng.reporters.JUnitReportReporter -->
<testsuite hostname="LAPTOP-363D707P" failures="0" tests="1" name="reporting.ExtentReport" time="8.759" errors="0" timestamp="2025-07-24T12:15:38 IST" skipped="0">
  <testcase classname="reporting.ExtentReport" name="testReporting1" time="8.759"/>
</testsuite> <!-- reporting.ExtentReport -->
