<?xml version="1.0" encoding="UTF-8"?>
<!-- Generated by org.testng.reporters.JUnitReportReporter -->
<testsuite hostname="LAPTOP-363D707P" failures="0" tests="1" name="Browser.MultiLanguage" time="3.718" errors="0" timestamp="2025-07-12T20:47:31 IST" skipped="0">
  <testcase classname="Browser.MultiLanguage" name="f" time="3.718"/>
</testsuite> <!-- Browser.MultiLanguage -->
