<?xml version="1.0" encoding="UTF-8"?>
<!-- Generated by org.testng.reporters.JUnitReportReporter -->
<testsuite hostname="LAPTOP-363D707P" failures="0" tests="1" name="day1.Alerts" time="8.765" errors="0" timestamp="2025-06-16T07:11:33 IST" skipped="0">
  <testcase classname="day1.Alerts" name="simple_alert" time="8.765"/>
</testsuite> <!-- day1.Alerts -->
