<?xml version="1.0" encoding="UTF-8"?>
<!-- Generated by org.testng.reporters.JUnitReportReporter -->
<testsuite hostname="LAPTOP-363D707P" failures="0" tests="1" name="day1.Wait" time="12.569" errors="0" timestamp="2025-06-16T22:32:54 IST" skipped="0">
  <testcase classname="day1.Wait" name="Fluent_wait" time="12.569"/>
</testsuite> <!-- day1.Wait -->
