<?xml version="1.0" encoding="UTF-8"?>
<!-- Generated by org.testng.reporters.JUnitReportReporter -->
<testsuite hostname="LAPTOP-363D707P" failures="0" tests="1" name="devTools.Performance_Metrics" time="2.997" errors="0" timestamp="2025-07-13T21:08:08 IST" skipped="0">
  <testcase classname="devTools.Performance_Metrics" name="Test" time="2.997"/>
</testsuite> <!-- devTools.Performance_Metrics -->
