<?xml version="1.0" encoding="UTF-8"?>
<!-- Generated by org.testng.reporters.JUnitReportReporter -->
<testsuite hostname="LAPTOP-363D707P" failures="0" tests="1" name="devTools.FullPageScreenshot" time="4.834" errors="0" timestamp="2025-07-13T20:53:11 IST" skipped="0">
  <testcase classname="devTools.FullPageScreenshot" name="f" time="4.834"/>
</testsuite> <!-- devTools.FullPageScreenshot -->
