<?xml version="1.0" encoding="UTF-8"?>
<!-- Generated by org.testng.reporters.JUnitReportReporter -->
<testsuite hostname="LAPTOP-363D707P" failures="0" tests="13" name="pom.pages1.LoginTest" time="142.525" errors="0" timestamp="2025-07-24T12:28:48 IST" skipped="0">
  <testcase classname="pom.pages1.LoginTest" name="PageFactoryTest" time="4.457"/>
  <testcase classname="pom.pages1.LoginTest" name="testSuccessfulLogin" time="13.577"/>
  <testcase classname="pom.pages1.LoginTest" name="testFailedLogin" time="14.597"/>
  <testcase classname="pom.pages1.LoginTest" name="testFailedLogin" time="14.451"/>
  <testcase classname="pom.pages1.LoginTest" name="testFailedLogin" time="12.728"/>
  <testcase classname="pom.pages1.LoginTest" name="testFailedLogin" time="12.827"/>
  <testcase classname="pom.pages1.LoginTest" name="testFailedLogin" time="12.748"/>
  <testcase classname="pom.pages1.LoginTest" name="testLoginWithEmptyCredentials" time="14.398"/>
  <testcase classname="pom.pages1.LoginTest" name="testLoginWithEmptyCredentials" time="12.612"/>
  <testcase classname="pom.pages1.LoginTest" name="testLoginWithEmptyCredentials" time="13.111"/>
  <testcase classname="pom.pages1.LoginTest" name="testLoginWithEmptyCredentials" time="12.632"/>
  <testcase classname="pom.pages1.LoginTest" name="testLoginPageUIElements" time="2.149"/>
  <testcase classname="pom.pages1.LoginTest" name="testPasswordFieldMasking" time="2.238"/>
</testsuite> <!-- pom.pages1.LoginTest -->
