<?xml version="1.0" encoding="UTF-8"?>
<!-- Generated by org.testng.reporters.JUnitReportReporter -->
<testsuite hostname="LAPTOP-363D707P" failures="0" tests="1" name="Excel.Excel_Automation" time="0.016" errors="0" timestamp="2025-06-30T20:39:52 IST" skipped="0">
  <testcase classname="Excel.Excel_Automation" name="CSV_Test" time="0.016"/>
</testsuite> <!-- Excel.Excel_Automation -->
