<?xml version="1.0" encoding="UTF-8"?>
<!-- Generated by org.testng.reporters.JUnitReportReporter -->
<testsuite hostname="LAPTOP-363D707P" failures="0" tests="1" name="day1.SSL_Certificate" time="2.277" errors="0" timestamp="2025-06-21T01:30:08 IST" skipped="0">
  <testcase classname="day1.SSL_Certificate" name="f" time="2.277"/>
</testsuite> <!-- day1.SSL_Certificate -->
