<?xml version="1.0" encoding="UTF-8"?>
<!-- Generated by org.testng.reporters.JUnitReportReporter -->
<testsuite hostname="LAPTOP-363D707P" failures="0" tests="1" name="devTools.BlockURL" time="12.276" errors="0" timestamp="2025-07-13T23:38:42 IST" skipped="0">
  <testcase classname="devTools.BlockURL" name="f" time="12.276"/>
</testsuite> <!-- devTools.BlockURL -->
