<?xml version="1.0" encoding="UTF-8"?>
<!-- Generated by org.testng.reporters.JUnitReportReporter -->
<testsuite hostname="LAPTOP-363D707P" failures="0" tests="1" name="devTools.DeviceEmulation" time="3.018" errors="0" timestamp="2025-07-14T00:16:51 IST" skipped="0">
  <testcase classname="devTools.DeviceEmulation" name="f" time="3.018"/>
</testsuite> <!-- devTools.DeviceEmulation -->
