<?xml version="1.0" encoding="UTF-8"?>
<!-- Generated by org.testng.reporters.JUnitReportReporter -->
<testsuite hostname="LAPTOP-363D707P" failures="0" tests="1" name="reporting.StepTest" time="0.080" errors="0" timestamp="2025-07-24T13:12:04 IST" skipped="0">
  <testcase classname="reporting.StepTest" name="lambdaStepTest" time="0.080"/>
</testsuite> <!-- reporting.StepTest -->
