<?xml version="1.0" encoding="UTF-8"?>
<!-- Generated by org.testng.reporters.JUnitReportReporter -->
<testsuite hostname="LAPTOP-363D707P" failures="0" tests="1" name="day1.Screenshots" time="3.127" errors="0" timestamp="2025-06-25T22:54:38 IST" skipped="0">
  <testcase classname="day1.Screenshots" name="Screenshot" time="3.127"/>
</testsuite> <!-- day1.Screenshots -->
