<?xml version="1.0" encoding="UTF-8"?>
<!-- Generated by org.testng.reporters.JUnitReportReporter -->
<testsuite hostname="LAPTOP-363D707P" failures="0" tests="1" name="day1.DatePicker" time="9.272" errors="0" timestamp="2025-06-21T18:31:12 IST" skipped="0">
  <testcase classname="day1.DatePicker" name="dropDown_date" time="9.272"/>
</testsuite> <!-- day1.DatePicker -->
