<?xml version="1.0" encoding="UTF-8"?>
<!-- Generated by org.testng.reporters.JUnitReportReporter -->
<testsuite hostname="LAPTOP-363D707P" failures="0" tests="1" name="devTools.SiginWithDevTool" time="4.264" errors="0" timestamp="2025-07-13T23:25:22 IST" skipped="0">
  <testcase classname="devTools.SiginWithDevTool" name="f" time="4.264"/>
</testsuite> <!-- devTools.SiginWithDevTool -->
