<?xml version="1.0" encoding="UTF-8"?>
<!-- Generated by org.testng.reporters.JUnitReportReporter -->
<testsuite hostname="LAPTOP-363D707P" failures="0" tests="1" name="day1.Web_Storage" time="6.660" errors="0" timestamp="2025-06-23T19:07:53 IST" skipped="0">
  <testcase classname="day1.Web_Storage" name="test" time="6.660"/>
</testsuite> <!-- day1.Web_Storage -->
