<?xml version="1.0" encoding="UTF-8"?>
<!-- Generated by org.testng.reporters.JUnitReportReporter -->
<testsuite hostname="LAPTOP-363D707P" failures="0" tests="1" name="Browser.Web_Proxy" time="22.792" errors="0" timestamp="2025-07-13T01:26:09 IST" skipped="0">
  <testcase classname="Browser.Web_Proxy" name="newTest" time="22.792"/>
</testsuite> <!-- Browser.Web_Proxy -->
